<?xml version="1.0" encoding="utf-8"?><testsuites name="pytest tests"><testsuite name="pytest" errors="0" failures="0" skipped="0" tests="16" time="2.137" timestamp="2026-07-18T21:19:34.292840+00:00" hostname="agent-env-d4cdda10-00ff-46ae-8031-c1c6a118e86c"><testcase classname="backend.tests.test_metaqi_fixes.TestConcepts" name="test_concepts_returns_7_items" time="0.249" /><testcase classname="backend.tests.test_metaqi_fixes.TestConcepts" name="test_concepts_expected_slugs" time="0.055" /><testcase classname="backend.tests.test_metaqi_fixes.TestMoonEnergyFree" name="test_moon_current_not_premium" time="0.052" /><testcase classname="backend.tests.test_metaqi_fixes.TestYearEnergy" name="test_year_current_returns_2026" time="0.047" /><testcase classname="backend.tests.test_metaqi_fixes.TestNewbornVocation" name="test_today_newborn" time="0.050" /><testcase classname="backend.tests.test_metaqi_fixes.TestAgendas" name="test_list_agendas" time="0.061" /><testcase classname="backend.tests.test_metaqi_fixes.TestAgendas" name="test_agenda_months" time="0.107" /><testcase classname="backend.tests.test_metaqi_fixes.TestAdminCMS" name="test_admin_login" time="0.295" /><testcase classname="backend.tests.test_metaqi_fixes.TestAdminCMS" name="test_daily_energy_requires_auth" time="0.049" /><testcase classname="backend.tests.test_metaqi_fixes.TestAdminCMS" name="test_daily_energy_admin_create" time="0.229" /><testcase classname="backend.tests.test_metaqi_fixes.TestAdminCMS" name="test_daily_energy_regular_user_forbidden" time="0.367" /><testcase classname="backend.tests.test_metaqi_fixes.TestAdminCMS" name="test_newborn_vocation_admin_create" time="0.131" /><testcase classname="backend.tests.test_metaqi_fixes.TestAdminCMS" name="test_newborn_vocation_regular_user_forbidden" time="0.095" /><testcase classname="backend.tests.test_metaqi_fixes.TestAdminCMS" name="test_newborn_vocation_requires_auth" time="0.054" /><testcase classname="backend.tests.test_metaqi_fixes.TestAuthMe" name="test_admin_me" time="0.115" /><testcase classname="backend.tests.test_metaqi_fixes.TestAuthMe" name="test_user_me" time="0.149" /></testsuite></testsuites>